This is pdfTeX, Version 3.14159265-2.6-1.40.17 (TeX Live 2016/Debian) (preloaded format=latex 2018.5.9)  24 JUN 2018 17:14
entering extended mode
 restricted \write18 enabled.
 %&-line parsing enabled.
**RLC.tex
(./RLC.tex
LaTeX2e <2017/01/01> patch level 3
Babel <3.9r> and hyphenation patterns for 3 language(s) loaded.
(/usr/share/texlive/texmf-dist/tex/latex/IEEEtran/IEEEtran.cls
Document Class: IEEEtran 2015/08/26 V1.8b by Michael Shell
-- See the "IEEEtran_HOWTO" manual for usage information.
-- http://www.michaelshell.org/tex/ieeetran/
\@IEEEtrantmpdimenA=\dimen102
\@IEEEtrantmpdimenB=\dimen103
\@IEEEtrantmpdimenC=\dimen104
\@IEEEtrantmpcountA=\count79
\@IEEEtrantmpcountB=\count80
\@IEEEtrantmpcountC=\count81
\@IEEEtrantmptoksA=\toks14
LaTeX Font Info:    Try loading font information for OT1+ptm on input line 503.

(/usr/share/texlive/texmf-dist/tex/latex/psnfss/ot1ptm.fd
File: ot1ptm.fd 2001/06/04 font definitions for OT1/ptm.
)
-- Using 8.5in x 11in (letter) paper.
-- Using DVI output.
\@IEEEnormalsizeunitybaselineskip=\dimen105
-- This is a 12 point document.
\CLASSINFOnormalsizebaselineskip=\dimen106
\CLASSINFOnormalsizeunitybaselineskip=\dimen107
\IEEEnormaljot=\dimen108
LaTeX Font Info:    Font shape `OT1/ptm/bx/n' in size <6> not available
(Font)              Font shape `OT1/ptm/b/n' tried instead on input line 1090.
LaTeX Font Info:    Font shape `OT1/ptm/bx/it' in size <6> not available
(Font)              Font shape `OT1/ptm/b/it' tried instead on input line 1090.

LaTeX Font Info:    Font shape `OT1/ptm/bx/n' in size <8> not available
(Font)              Font shape `OT1/ptm/b/n' tried instead on input line 1090.
LaTeX Font Info:    Font shape `OT1/ptm/bx/it' in size <8> not available
(Font)              Font shape `OT1/ptm/b/it' tried instead on input line 1090.

LaTeX Font Info:    Font shape `OT1/ptm/bx/n' in size <9> not available
(Font)              Font shape `OT1/ptm/b/n' tried instead on input line 1090.
LaTeX Font Info:    Font shape `OT1/ptm/bx/it' in size <9> not available
(Font)              Font shape `OT1/ptm/b/it' tried instead on input line 1090.

LaTeX Font Info:    Font shape `OT1/ptm/bx/n' in size <10> not available
(Font)              Font shape `OT1/ptm/b/n' tried instead on input line 1090.
LaTeX Font Info:    Font shape `OT1/ptm/bx/it' in size <10> not available
(Font)              Font shape `OT1/ptm/b/it' tried instead on input line 1090.

LaTeX Font Info:    Font shape `OT1/ptm/bx/n' in size <12> not available
(Font)              Font shape `OT1/ptm/b/n' tried instead on input line 1090.
LaTeX Font Info:    Font shape `OT1/ptm/bx/it' in size <12> not available
(Font)              Font shape `OT1/ptm/b/it' tried instead on input line 1090.

LaTeX Font Info:    Font shape `OT1/ptm/bx/n' in size <14> not available
(Font)              Font shape `OT1/ptm/b/n' tried instead on input line 1090.
LaTeX Font Info:    Font shape `OT1/ptm/bx/it' in size <14> not available
(Font)              Font shape `OT1/ptm/b/it' tried instead on input line 1090.

LaTeX Font Info:    Font shape `OT1/ptm/bx/n' in size <20> not available
(Font)              Font shape `OT1/ptm/b/n' tried instead on input line 1090.
LaTeX Font Info:    Font shape `OT1/ptm/bx/it' in size <20> not available
(Font)              Font shape `OT1/ptm/b/it' tried instead on input line 1090.

LaTeX Font Info:    Font shape `OT1/ptm/bx/n' in size <22> not available
(Font)              Font shape `OT1/ptm/b/n' tried instead on input line 1090.
LaTeX Font Info:    Font shape `OT1/ptm/bx/it' in size <22> not available
(Font)              Font shape `OT1/ptm/b/it' tried instead on input line 1090.

LaTeX Font Info:    Font shape `OT1/ptm/bx/n' in size <24> not available
(Font)              Font shape `OT1/ptm/b/n' tried instead on input line 1090.
LaTeX Font Info:    Font shape `OT1/ptm/bx/it' in size <24> not available
(Font)              Font shape `OT1/ptm/b/it' tried instead on input line 1090.

\IEEEquantizedlength=\dimen109
\IEEEquantizedlengthdiff=\dimen110
\IEEEquantizedtextheightdiff=\dimen111
\IEEEilabelindentA=\dimen112
\IEEEilabelindentB=\dimen113
\IEEEilabelindent=\dimen114
\IEEEelabelindent=\dimen115
\IEEEdlabelindent=\dimen116
\IEEElabelindent=\dimen117
\IEEEiednormlabelsep=\dimen118
\IEEEiedmathlabelsep=\dimen119
\IEEEiedtopsep=\skip41
\c@section=\count82
\c@subsection=\count83
\c@subsubsection=\count84
\c@paragraph=\count85
\c@IEEEsubequation=\count86
\abovecaptionskip=\skip42
\belowcaptionskip=\skip43
\c@figure=\count87
\c@table=\count88
\@IEEEeqnnumcols=\count89
\@IEEEeqncolcnt=\count90
\@IEEEsubeqnnumrollback=\count91
\@IEEEquantizeheightA=\dimen120
\@IEEEquantizeheightB=\dimen121
\@IEEEquantizeheightC=\dimen122
\@IEEEquantizeprevdepth=\dimen123
\@IEEEquantizemultiple=\count92
\@IEEEquantizeboxA=\box26
\@IEEEtmpitemindent=\dimen124
\IEEEPARstartletwidth=\dimen125
\c@IEEEbiography=\count93
\@IEEEtranrubishbin=\box27
) (/usr/share/texlive/texmf-dist/tex/latex/base/inputenc.sty
Package: inputenc 2015/03/17 v1.2c Input encoding file
\inpenc@prehook=\toks15
\inpenc@posthook=\toks16

(/usr/share/texlive/texmf-dist/tex/latex/base/utf8.def
File: utf8.def 2017/01/28 v1.1t UTF-8 support for inputenc
Now handling font encoding OML ...
... no UTF-8 mapping file for font encoding OML
Now handling font encoding T1 ...
... processing UTF-8 mapping file for font encoding T1

(/usr/share/texlive/texmf-dist/tex/latex/base/t1enc.dfu
File: t1enc.dfu 2017/01/28 v1.1t UTF-8 support for inputenc
   defining Unicode char U+00A0 (decimal 160)
   defining Unicode char U+00A1 (decimal 161)
   defining Unicode char U+00A3 (decimal 163)
   defining Unicode char U+00AB (decimal 171)
   defining Unicode char U+00AD (decimal 173)
   defining Unicode char U+00BB (decimal 187)
   defining Unicode char U+00BF (decimal 191)
   defining Unicode char U+00C0 (decimal 192)
   defining Unicode char U+00C1 (decimal 193)
   defining Unicode char U+00C2 (decimal 194)
   defining Unicode char U+00C3 (decimal 195)
   defining Unicode char U+00C4 (decimal 196)
   defining Unicode char U+00C5 (decimal 197)
   defining Unicode char U+00C6 (decimal 198)
   defining Unicode char U+00C7 (decimal 199)
   defining Unicode char U+00C8 (decimal 200)
   defining Unicode char U+00C9 (decimal 201)
   defining Unicode char U+00CA (decimal 202)
   defining Unicode char U+00CB (decimal 203)
   defining Unicode char U+00CC (decimal 204)
   defining Unicode char U+00CD (decimal 205)
   defining Unicode char U+00CE (decimal 206)
   defining Unicode char U+00CF (decimal 207)
   defining Unicode char U+00D0 (decimal 208)
   defining Unicode char U+00D1 (decimal 209)
   defining Unicode char U+00D2 (decimal 210)
   defining Unicode char U+00D3 (decimal 211)
   defining Unicode char U+00D4 (decimal 212)
   defining Unicode char U+00D5 (decimal 213)
   defining Unicode char U+00D6 (decimal 214)
   defining Unicode char U+00D8 (decimal 216)
   defining Unicode char U+00D9 (decimal 217)
   defining Unicode char U+00DA (decimal 218)
   defining Unicode char U+00DB (decimal 219)
   defining Unicode char U+00DC (decimal 220)
   defining Unicode char U+00DD (decimal 221)
   defining Unicode char U+00DE (decimal 222)
   defining Unicode char U+00DF (decimal 223)
   defining Unicode char U+00E0 (decimal 224)
   defining Unicode char U+00E1 (decimal 225)
   defining Unicode char U+00E2 (decimal 226)
   defining Unicode char U+00E3 (decimal 227)
   defining Unicode char U+00E4 (decimal 228)
   defining Unicode char U+00E5 (decimal 229)
   defining Unicode char U+00E6 (decimal 230)
   defining Unicode char U+00E7 (decimal 231)
   defining Unicode char U+00E8 (decimal 232)
   defining Unicode char U+00E9 (decimal 233)
   defining Unicode char U+00EA (decimal 234)
   defining Unicode char U+00EB (decimal 235)
   defining Unicode char U+00EC (decimal 236)
   defining Unicode char U+00ED (decimal 237)
   defining Unicode char U+00EE (decimal 238)
   defining Unicode char U+00EF (decimal 239)
   defining Unicode char U+00F0 (decimal 240)
   defining Unicode char U+00F1 (decimal 241)
   defining Unicode char U+00F2 (decimal 242)
   defining Unicode char U+00F3 (decimal 243)
   defining Unicode char U+00F4 (decimal 244)
   defining Unicode char U+00F5 (decimal 245)
   defining Unicode char U+00F6 (decimal 246)
   defining Unicode char U+00F8 (decimal 248)
   defining Unicode char U+00F9 (decimal 249)
   defining Unicode char U+00FA (decimal 250)
   defining Unicode char U+00FB (decimal 251)
   defining Unicode char U+00FC (decimal 252)
   defining Unicode char U+00FD (decimal 253)
   defining Unicode char U+00FE (decimal 254)
   defining Unicode char U+00FF (decimal 255)
   defining Unicode char U+0100 (decimal 256)
   defining Unicode char U+0101 (decimal 257)
   defining Unicode char U+0102 (decimal 258)
   defining Unicode char U+0103 (decimal 259)
   defining Unicode char U+0104 (decimal 260)
   defining Unicode char U+0105 (decimal 261)
   defining Unicode char U+0106 (decimal 262)
   defining Unicode char U+0107 (decimal 263)
   defining Unicode char U+0108 (decimal 264)
   defining Unicode char U+0109 (decimal 265)
   defining Unicode char U+010A (decimal 266)
   defining Unicode char U+010B (decimal 267)
   defining Unicode char U+010C (decimal 268)
   defining Unicode char U+010D (decimal 269)
   defining Unicode char U+010E (decimal 270)
   defining Unicode char U+010F (decimal 271)
   defining Unicode char U+0110 (decimal 272)
   defining Unicode char U+0111 (decimal 273)
   defining Unicode char U+0112 (decimal 274)
   defining Unicode char U+0113 (decimal 275)
   defining Unicode char U+0114 (decimal 276)
   defining Unicode char U+0115 (decimal 277)
   defining Unicode char U+0116 (decimal 278)
   defining Unicode char U+0117 (decimal 279)
   defining Unicode char U+0118 (decimal 280)
   defining Unicode char U+0119 (decimal 281)
   defining Unicode char U+011A (decimal 282)
   defining Unicode char U+011B (decimal 283)
   defining Unicode char U+011C (decimal 284)
   defining Unicode char U+011D (decimal 285)
   defining Unicode char U+011E (decimal 286)
   defining Unicode char U+011F (decimal 287)
   defining Unicode char U+0120 (decimal 288)
   defining Unicode char U+0121 (decimal 289)
   defining Unicode char U+0122 (decimal 290)
   defining Unicode char U+0123 (decimal 291)
   defining Unicode char U+0124 (decimal 292)
   defining Unicode char U+0125 (decimal 293)
   defining Unicode char U+0128 (decimal 296)
   defining Unicode char U+0129 (decimal 297)
   defining Unicode char U+012A (decimal 298)
   defining Unicode char U+012B (decimal 299)
   defining Unicode char U+012C (decimal 300)
   defining Unicode char U+012D (decimal 301)
   defining Unicode char U+012E (decimal 302)
   defining Unicode char U+012F (decimal 303)
   defining Unicode char U+0130 (decimal 304)
   defining Unicode char U+0131 (decimal 305)
   defining Unicode char U+0132 (decimal 306)
   defining Unicode char U+0133 (decimal 307)
   defining Unicode char U+0134 (decimal 308)
   defining Unicode char U+0135 (decimal 309)
   defining Unicode char U+0136 (decimal 310)
   defining Unicode char U+0137 (decimal 311)
   defining Unicode char U+0139 (decimal 313)
   defining Unicode char U+013A (decimal 314)
   defining Unicode char U+013B (decimal 315)
   defining Unicode char U+013C (decimal 316)
   defining Unicode char U+013D (decimal 317)
   defining Unicode char U+013E (decimal 318)
   defining Unicode char U+0141 (decimal 321)
   defining Unicode char U+0142 (decimal 322)
   defining Unicode char U+0143 (decimal 323)
   defining Unicode char U+0144 (decimal 324)
   defining Unicode char U+0145 (decimal 325)
   defining Unicode char U+0146 (decimal 326)
   defining Unicode char U+0147 (decimal 327)
   defining Unicode char U+0148 (decimal 328)
   defining Unicode char U+014A (decimal 330)
   defining Unicode char U+014B (decimal 331)
   defining Unicode char U+014C (decimal 332)
   defining Unicode char U+014D (decimal 333)
   defining Unicode char U+014E (decimal 334)
   defining Unicode char U+014F (decimal 335)
   defining Unicode char U+0150 (decimal 336)
   defining Unicode char U+0151 (decimal 337)
   defining Unicode char U+0152 (decimal 338)
   defining Unicode char U+0153 (decimal 339)
   defining Unicode char U+0154 (decimal 340)
   defining Unicode char U+0155 (decimal 341)
   defining Unicode char U+0156 (decimal 342)
   defining Unicode char U+0157 (decimal 343)
   defining Unicode char U+0158 (decimal 344)
   defining Unicode char U+0159 (decimal 345)
   defining Unicode char U+015A (decimal 346)
   defining Unicode char U+015B (decimal 347)
   defining Unicode char U+015C (decimal 348)
   defining Unicode char U+015D (decimal 349)
   defining Unicode char U+015E (decimal 350)
   defining Unicode char U+015F (decimal 351)
   defining Unicode char U+0160 (decimal 352)
   defining Unicode char U+0161 (decimal 353)
   defining Unicode char U+0162 (decimal 354)
   defining Unicode char U+0163 (decimal 355)
   defining Unicode char U+0164 (decimal 356)
   defining Unicode char U+0165 (decimal 357)
   defining Unicode char U+0168 (decimal 360)
   defining Unicode char U+0169 (decimal 361)
   defining Unicode char U+016A (decimal 362)
   defining Unicode char U+016B (decimal 363)
   defining Unicode char U+016C (decimal 364)
   defining Unicode char U+016D (decimal 365)
   defining Unicode char U+016E (decimal 366)
   defining Unicode char U+016F (decimal 367)
   defining Unicode char U+0170 (decimal 368)
   defining Unicode char U+0171 (decimal 369)
   defining Unicode char U+0172 (decimal 370)
   defining Unicode char U+0173 (decimal 371)
   defining Unicode char U+0174 (decimal 372)
   defining Unicode char U+0175 (decimal 373)
   defining Unicode char U+0176 (decimal 374)
   defining Unicode char U+0177 (decimal 375)
   defining Unicode char U+0178 (decimal 376)
   defining Unicode char U+0179 (decimal 377)
   defining Unicode char U+017A (decimal 378)
   defining Unicode char U+017B (decimal 379)
   defining Unicode char U+017C (decimal 380)
   defining Unicode char U+017D (decimal 381)
   defining Unicode char U+017E (decimal 382)
   defining Unicode char U+01CD (decimal 461)
   defining Unicode char U+01CE (decimal 462)
   defining Unicode char U+01CF (decimal 463)
   defining Unicode char U+01D0 (decimal 464)
   defining Unicode char U+01D1 (decimal 465)
   defining Unicode char U+01D2 (decimal 466)
   defining Unicode char U+01D3 (decimal 467)
   defining Unicode char U+01D4 (decimal 468)
   defining Unicode char U+01E2 (decimal 482)
   defining Unicode char U+01E3 (decimal 483)
   defining Unicode char U+01E6 (decimal 486)
   defining Unicode char U+01E7 (decimal 487)
   defining Unicode char U+01E8 (decimal 488)
   defining Unicode char U+01E9 (decimal 489)
   defining Unicode char U+01EA (decimal 490)
   defining Unicode char U+01EB (decimal 491)
   defining Unicode char U+01F0 (decimal 496)
   defining Unicode char U+01F4 (decimal 500)
   defining Unicode char U+01F5 (decimal 501)
   defining Unicode char U+0218 (decimal 536)
   defining Unicode char U+0219 (decimal 537)
   defining Unicode char U+021A (decimal 538)
   defining Unicode char U+021B (decimal 539)
   defining Unicode char U+0232 (decimal 562)
   defining Unicode char U+0233 (decimal 563)
   defining Unicode char U+1E02 (decimal 7682)
   defining Unicode char U+1E03 (decimal 7683)
   defining Unicode char U+200C (decimal 8204)
   defining Unicode char U+2010 (decimal 8208)
   defining Unicode char U+2011 (decimal 8209)
   defining Unicode char U+2012 (decimal 8210)
   defining Unicode char U+2013 (decimal 8211)
   defining Unicode char U+2014 (decimal 8212)
   defining Unicode char U+2015 (decimal 8213)
   defining Unicode char U+2018 (decimal 8216)
   defining Unicode char U+2019 (decimal 8217)
   defining Unicode char U+201A (decimal 8218)
   defining Unicode char U+201C (decimal 8220)
   defining Unicode char U+201D (decimal 8221)
   defining Unicode char U+201E (decimal 8222)
   defining Unicode char U+2030 (decimal 8240)
   defining Unicode char U+2031 (decimal 8241)
   defining Unicode char U+2039 (decimal 8249)
   defining Unicode char U+203A (decimal 8250)
   defining Unicode char U+2423 (decimal 9251)
   defining Unicode char U+1E20 (decimal 7712)
   defining Unicode char U+1E21 (decimal 7713)
)
Now handling font encoding OT1 ...
... processing UTF-8 mapping file for font encoding OT1

(/usr/share/texlive/texmf-dist/tex/latex/base/ot1enc.dfu
File: ot1enc.dfu 2017/01/28 v1.1t UTF-8 support for inputenc
   defining Unicode char U+00A0 (decimal 160)
   defining Unicode char U+00A1 (decimal 161)
   defining Unicode char U+00A3 (decimal 163)
   defining Unicode char U+00AD (decimal 173)
   defining Unicode char U+00B8 (decimal 184)
   defining Unicode char U+00BF (decimal 191)
   defining Unicode char U+00C5 (decimal 197)
   defining Unicode char U+00C6 (decimal 198)
   defining Unicode char U+00D8 (decimal 216)
   defining Unicode char U+00DF (decimal 223)
   defining Unicode char U+00E6 (decimal 230)
   defining Unicode char U+00EC (decimal 236)
   defining Unicode char U+00ED (decimal 237)
   defining Unicode char U+00EE (decimal 238)
   defining Unicode char U+00EF (decimal 239)
   defining Unicode char U+00F8 (decimal 248)
   defining Unicode char U+0131 (decimal 305)
   defining Unicode char U+0141 (decimal 321)
   defining Unicode char U+0142 (decimal 322)
   defining Unicode char U+0152 (decimal 338)
   defining Unicode char U+0153 (decimal 339)
   defining Unicode char U+0174 (decimal 372)
   defining Unicode char U+0175 (decimal 373)
   defining Unicode char U+0176 (decimal 374)
   defining Unicode char U+0177 (decimal 375)
   defining Unicode char U+0218 (decimal 536)
   defining Unicode char U+0219 (decimal 537)
   defining Unicode char U+021A (decimal 538)
   defining Unicode char U+021B (decimal 539)
   defining Unicode char U+2013 (decimal 8211)
   defining Unicode char U+2014 (decimal 8212)
   defining Unicode char U+2018 (decimal 8216)
   defining Unicode char U+2019 (decimal 8217)
   defining Unicode char U+201C (decimal 8220)
   defining Unicode char U+201D (decimal 8221)
)
Now handling font encoding OMS ...
... processing UTF-8 mapping file for font encoding OMS

(/usr/share/texlive/texmf-dist/tex/latex/base/omsenc.dfu
File: omsenc.dfu 2017/01/28 v1.1t UTF-8 support for inputenc
   defining Unicode char U+00A7 (decimal 167)
   defining Unicode char U+00B6 (decimal 182)
   defining Unicode char U+00B7 (decimal 183)
   defining Unicode char U+2020 (decimal 8224)
   defining Unicode char U+2021 (decimal 8225)
   defining Unicode char U+2022 (decimal 8226)
)
Now handling font encoding OMX ...
... no UTF-8 mapping file for font encoding OMX
Now handling font encoding U ...
... no UTF-8 mapping file for font encoding U
   defining Unicode char U+00A9 (decimal 169)
   defining Unicode char U+00AA (decimal 170)
   defining Unicode char U+00AE (decimal 174)
   defining Unicode char U+00BA (decimal 186)
   defining Unicode char U+02C6 (decimal 710)
   defining Unicode char U+02DC (decimal 732)
   defining Unicode char U+200C (decimal 8204)
   defining Unicode char U+2026 (decimal 8230)
   defining Unicode char U+2122 (decimal 8482)
   defining Unicode char U+2423 (decimal 9251)
))
(/usr/share/texlive/texmf-dist/tex/latex/amsmath/amsmath.sty
Package: amsmath 2016/11/05 v2.16a AMS math features
\@mathmargin=\skip44

For additional information on amsmath, use the `?' option.
(/usr/share/texlive/texmf-dist/tex/latex/amsmath/amstext.sty
Package: amstext 2000/06/29 v2.01 AMS text

(/usr/share/texlive/texmf-dist/tex/latex/amsmath/amsgen.sty
File: amsgen.sty 1999/11/30 v2.0 generic functions
\@emptytoks=\toks17
\ex@=\dimen126
))
(/usr/share/texlive/texmf-dist/tex/latex/amsmath/amsbsy.sty
Package: amsbsy 1999/11/29 v1.2d Bold Symbols
\pmbraise@=\dimen127
)
(/usr/share/texlive/texmf-dist/tex/latex/amsmath/amsopn.sty
Package: amsopn 2016/03/08 v2.02 operator names
)
\inf@bad=\count94
LaTeX Info: Redefining \frac on input line 213.
\uproot@=\count95
\leftroot@=\count96
LaTeX Info: Redefining \overline on input line 375.
\classnum@=\count97
\DOTSCASE@=\count98
LaTeX Info: Redefining \ldots on input line 472.
LaTeX Info: Redefining \dots on input line 475.
LaTeX Info: Redefining \cdots on input line 596.
\Mathstrutbox@=\box28
\strutbox@=\box29
\big@size=\dimen128
LaTeX Font Info:    Redeclaring font encoding OML on input line 712.
LaTeX Font Info:    Redeclaring font encoding OMS on input line 713.
\macc@depth=\count99
\c@MaxMatrixCols=\count100
\dotsspace@=\muskip10
\c@parentequation=\count101
\dspbrk@lvl=\count102
\tag@help=\toks18
\row@=\count103
\column@=\count104
\maxfields@=\count105
\andhelp@=\toks19
\eqnshift@=\dimen129
\alignsep@=\dimen130
\tagshift@=\dimen131
\tagwidth@=\dimen132
\totwidth@=\dimen133
\lineht@=\dimen134
\@envbody=\toks20
\multlinegap=\skip45
\multlinetaggap=\skip46
\mathdisplay@stack=\toks21
LaTeX Info: Redefining \[ on input line 2817.
LaTeX Info: Redefining \] on input line 2818.
)
(/usr/share/texlive/texmf-dist/tex/latex/amsfonts/amssymb.sty
Package: amssymb 2013/01/14 v3.01 AMS font symbols

(/usr/share/texlive/texmf-dist/tex/latex/amsfonts/amsfonts.sty
Package: amsfonts 2013/01/14 v3.01 Basic AMSFonts support
\symAMSa=\mathgroup4
\symAMSb=\mathgroup5
LaTeX Font Info:    Overwriting math alphabet `\mathfrak' in version `bold'
(Font)                  U/euf/m/n --> U/euf/b/n on input line 106.
))
(/usr/share/texlive/texmf-dist/tex/latex/tools/enumerate.sty
Package: enumerate 2015/07/23 v3.00 enumerate extensions (DPC)
\@enLab=\toks22
)
(/usr/share/texlive/texmf-dist/tex/latex/mathtools/mathtools.sty
Package: mathtools 2015/11/12 v1.18 mathematical typesetting tools

(/usr/share/texlive/texmf-dist/tex/latex/graphics/keyval.sty
Package: keyval 2014/10/28 v1.15 key=value parser (DPC)
\KV@toks@=\toks23
)
(/usr/share/texlive/texmf-dist/tex/latex/tools/calc.sty
Package: calc 2014/10/28 v4.3 Infix arithmetic (KKT,FJ)
\calc@Acount=\count106
\calc@Bcount=\count107
\calc@Adimen=\dimen135
\calc@Bdimen=\dimen136
\calc@Askip=\skip47
\calc@Bskip=\skip48
LaTeX Info: Redefining \setlength on input line 80.
LaTeX Info: Redefining \addtolength on input line 81.
\calc@Ccount=\count108
\calc@Cskip=\skip49
)
(/usr/share/texlive/texmf-dist/tex/latex/mathtools/mhsetup.sty
Package: mhsetup 2010/01/21 v1.2a programming setup (MH)
)
LaTeX Info: Thecontrolsequence`\('isalreadyrobust on input line 129.
LaTeX Info: Thecontrolsequence`\)'isalreadyrobust on input line 129.
LaTeX Info: Thecontrolsequence`\['isalreadyrobust on input line 129.
LaTeX Info: Thecontrolsequence`\]'isalreadyrobust on input line 129.
\g_MT_multlinerow_int=\count109
\l_MT_multwidth_dim=\dimen137
\origjot=\skip50
\l_MT_shortvdotswithinadjustabove_dim=\dimen138
\l_MT_shortvdotswithinadjustbelow_dim=\dimen139
\l_MT_above_intertext_sep=\dimen140
\l_MT_below_intertext_sep=\dimen141
\l_MT_above_shortintertext_sep=\dimen142
\l_MT_below_shortintertext_sep=\dimen143
)
(/usr/share/texlive/texmf-dist/tex/latex/tools/multicol.sty
Package: multicol 2016/04/07 v1.8p multicolumn formatting (FMi)
\c@tracingmulticols=\count110


Package multicol Warning: May not work with the twocolumn option on input line 
134.

\mult@box=\box30
\multicol@leftmargin=\dimen144
\c@unbalance=\count111
\c@collectmore=\count112
\doublecol@number=\count113
\multicoltolerance=\count114
\multicolpretolerance=\count115
\full@width=\dimen145
\page@free=\dimen146
\premulticols=\dimen147
\postmulticols=\dimen148
\multicolsep=\skip51
\multicolbaselineskip=\skip52
\partial@page=\box31
\last@line=\box32
\maxbalancingoverflow=\dimen149
\mult@rightbox=\box33
\mult@grightbox=\box34
\mult@gfirstbox=\box35
\mult@firstbox=\box36
\@tempa=\box37
\@tempa=\box38
\@tempa=\box39
\@tempa=\box40
\@tempa=\box41
\@tempa=\box42
\@tempa=\box43
\@tempa=\box44
\@tempa=\box45
\@tempa=\box46
\@tempa=\box47
\@tempa=\box48
\@tempa=\box49
\@tempa=\box50
\@tempa=\box51
\@tempa=\box52
\@tempa=\box53
\c@columnbadness=\count116
\c@finalcolumnbadness=\count117
\last@try=\dimen150
\multicolovershoot=\dimen151
\multicolundershoot=\dimen152
\mult@nat@firstbox=\box54
\colbreak@box=\box55
\mc@col@check@num=\count118
) (/usr/share/texlive/texmf-dist/tex/latex/caption/caption.sty
Package: caption 2016/02/21 v3.3-144 Customizing captions (AR)

(/usr/share/texlive/texmf-dist/tex/latex/caption/caption3.sty
Package: caption3 2016/05/22 v1.7-166 caption3 kernel (AR)
Package caption3 Info: TeX engine: e-TeX on input line 67.
\captionmargin=\dimen153
\captionmargin@=\dimen154
\captionwidth=\dimen155
\caption@tempdima=\dimen156
\caption@indent=\dimen157
\caption@parindent=\dimen158
\caption@hangindent=\dimen159
Package caption Info: Unknown document class (or package),
(caption)             standard defaults will be used.
)

Package caption Warning: Unsupported document class (or package) detected,
(caption)                usage of the caption package is not recommended.
See the caption package documentation for explanation.

Package caption Info: \@makecaption = \long macro:#1#2->\ifx \@captype \@IEEEta
blestring \footnotesize \bgroup \par \centering \@IEEEtabletopskipstrut {\norma
lfont \footnotesize #1}\\{\normalfont \footnotesize \scshape #2}\par \addvspace
 {0.5\baselineskip }\egroup \@IEEEtablecaptionsepspace \else \@IEEEfigurecaptio
nsepspace \setbox \@tempboxa \hbox {\normalfont \footnotesize {#1.}\nobreakspac
e \nobreakspace #2}\ifdim \wd \@tempboxa >\hsize \setbox \@tempboxa \hbox {\nor
malfont \footnotesize {#1.}\nobreakspace \nobreakspace }\parbox [t]{\hsize }{\n
ormalfont \footnotesize \noindent \unhbox \@tempboxa #2}\else \ifCLASSOPTIONcon
ference \hbox to\hsize {\normalfont \footnotesize \hfil \box \@tempboxa \hfil }
\else \hbox to\hsize {\normalfont \footnotesize \box \@tempboxa \hfil }\fi \fi 
\fi .
\c@ContinuedFloat=\count119
) (/home/linaro/texmf/tex/latex/iithtlc/iithtlc.sty
Package: iithtlc 10/04/2016 IITH TLC

(/usr/share/texlive/texmf-dist/tex/latex/graphics/graphicx.sty
Package: graphicx 2014/10/28 v1.0g Enhanced LaTeX Graphics (DPC,SPQR)

(/usr/share/texlive/texmf-dist/tex/latex/graphics/graphics.sty
Package: graphics 2016/10/09 v1.0u Standard LaTeX Graphics (DPC,SPQR)

(/usr/share/texlive/texmf-dist/tex/latex/graphics/trig.sty
Package: trig 2016/01/03 v1.10 sin cos tan (DPC)
)
(/usr/share/texlive/texmf-dist/tex/latex/graphics-cfg/graphics.cfg
File: graphics.cfg 2016/06/04 v1.11 sample graphics configuration
)
Package graphics Info: Driver file: dvips.def on input line 99.

(/usr/share/texlive/texmf-dist/tex/latex/graphics-def/dvips.def
File: dvips.def 2016/07/10 v3.1a Driver-dependent file (DPC,SPQR)
))
\Gin@req@height=\dimen160
\Gin@req@width=\dimen161
)) (./RLC.aux)
\openout1 = `RLC.aux'.

LaTeX Font Info:    Checking defaults for OML/cmm/m/it on input line 15.
LaTeX Font Info:    ... okay on input line 15.
LaTeX Font Info:    Checking defaults for T1/cmr/m/n on input line 15.
LaTeX Font Info:    ... okay on input line 15.
LaTeX Font Info:    Checking defaults for OT1/cmr/m/n on input line 15.
LaTeX Font Info:    ... okay on input line 15.
LaTeX Font Info:    Checking defaults for OMS/cmsy/m/n on input line 15.
LaTeX Font Info:    ... okay on input line 15.
LaTeX Font Info:    Checking defaults for OMX/cmex/m/n on input line 15.
LaTeX Font Info:    ... okay on input line 15.
LaTeX Font Info:    Checking defaults for U/cmr/m/n on input line 15.
LaTeX Font Info:    ... okay on input line 15.
-- Lines per column: 50 (exact).
Package caption Info: Begin \AtBeginDocument code.
Package caption Info: End \AtBeginDocument code.
File: iith_logo.eps Graphic file (type eps)
<iith_logo.eps>
LaTeX Font Info:    Calculating math sizes for size <24> on input line 23.
LaTeX Font Info:    Try loading font information for U+msa on input line 23.
 (/usr/share/texlive/texmf-dist/tex/latex/amsfonts/umsa.fd
File: umsa.fd 2013/01/14 v3.01 AMS symbols A
)
LaTeX Font Info:    Try loading font information for U+msb on input line 23.

(/usr/share/texlive/texmf-dist/tex/latex/amsfonts/umsb.fd
File: umsb.fd 2013/01/14 v3.01 AMS symbols B
)
LaTeX Font Info:    Font shape `OT1/ptm/bx/n' in size <17> not available
(Font)              Font shape `OT1/ptm/b/n' tried instead on input line 23.
File: tlc.eps Graphic file (type eps)
 <tlc.eps>

LaTeX Warning: No \author given.

File: iith_logo.eps Graphic file (type eps)
<iith_logo.eps>
File: tlc.eps Graphic file (type eps)
 <tlc.eps>

LaTeX Warning: No \author given.

File: iith_logo.eps Graphic file (type eps)
<iith_logo.eps>
File: tlc.eps Graphic file (type eps)
 <tlc.eps>

LaTeX Warning: No \author given.

File: ./figs/fig1.eps Graphic file (type eps)
<./figs/fig1.eps>
File: ./figs/fig2.eps Graphic file (type eps)
 <./figs/fig2.eps>

LaTeX Warning: `!h' float specifier changed to `!ht'.

File: ./figs/fig3.eps Graphic file (type eps)
<./figs/fig3.eps>
File: ./figs/fig4a.eps Graphic file (type eps)
 <./figs/fig4a.eps>
File: ./figs/fig4b.eps Graphic file (type eps)
 <./figs/fig4b.eps>
File: ./figs/fig4c.eps Graphic file (type eps)
 <./figs/fig4c.eps>
File: ./figs/fig4d.eps Graphic file (type eps)

<./figs/fig4d.eps>
Underfull \hbox (badness 10000) in paragraph at lines 107--111
[][] []
 []


LaTeX Warning: `!h' float specifier changed to `!ht'.

[1


]
File: ./figs/fig5.eps Graphic file (type eps)
 <./figs/fig5.eps>
File: ./figs/fig6.eps Graphic file (type eps)
 <./figs/fig6.eps>
File: ./figs/fig7.eps Graphic file (type eps)
 <./figs/fig7.eps>
File: ./figs/fig8.eps Graphic file (type eps)
 <./figs/fig8.eps>
File: ./figs/fig9.eps Graphic file (type eps)

<./figs/fig9.eps>
Underfull \hbox (badness 2653) in paragraph at lines 193--195
[]\OT1/ptm/m/n/12 In the cir-cuit shown in figure10[] is (a)-
 []

[2]
File: ./figs/fig10a.eps Graphic file (type eps)
 <./figs/fig10a.eps>
File: ./figs/fig10b.eps Graphic file (type eps)
 <./figs/fig10b.eps>
File: ./figs/fig10c.eps Graphic file (type eps)
 <./figs/fig10c.eps>
File: ./figs/fig11.eps Graphic file (type eps)

<./figs/fig11.eps>
File: ./figs/fig12.eps Graphic file (type eps)
 <./figs/fig12.eps>

LaTeX Warning: `!h' float specifier changed to `!ht'.

File: ./figs/fig13.eps Graphic file (type eps)
<./figs/fig13.eps>
File: ./figs/fig14.eps Graphic file (type eps)
 <./figs/fig14.eps>
File: ./figs/fig15.eps Graphic file (type eps)
 <./figs/fig15.eps> [3]
File: ./figs/fig16.eps Graphic file (type eps)

<./figs/fig16.eps>
File: ./figs/fig17.eps Graphic file (type eps)
 <./figs/fig17.eps>

LaTeX Warning: `!h' float specifier changed to `!ht'.

File: ./figs/fig18.eps Graphic file (type eps)
<./figs/fig18.eps>

LaTeX Warning: `!h' float specifier changed to `!ht'.

File: ./figs/fig19.eps Graphic file (type eps)
<./figs/fig19.eps>
File: ./figs/fig20.eps Graphic file (type eps)
 <./figs/fig20.eps> [4]
File: ./figs/fig21.eps Graphic file (type eps)
 <./figs/fig21.eps>

LaTeX Warning: `!h' float specifier changed to `!ht'.

File: ./figs/fig22.eps Graphic file (type eps)
<./figs/fig22.eps>
File: ./figs/fig23.eps Graphic file (type eps)
 <./figs/fig23.eps>
Underfull \hbox (badness 10000) in paragraph at lines 448--451
[]\OT1/ptm/m/n/12 The Thevenin equiv-a-lent volt-age
 []


Underfull \hbox (badness 10000) in paragraph at lines 448--451
\OT1/ptm/m/n/12 V$[]$appearing be-tween the ter-mi-nals A
 []

File: ./figs/fig24.eps Graphic file (type eps)
<./figs/fig24.eps> [5]
File: ./figs/fig25.eps Graphic file (type eps)
 <./figs/fig25.eps>
File: ./figs/fig26.eps Graphic file (type eps)
 <./figs/fig26.eps>
File: ./figs/fig27.eps Graphic file (type eps)

<./figs/fig27.eps>
Underfull \hbox (badness 1466) in paragraph at lines 487--498
[]\OT1/ptm/m/n/12 A Delta-connected net-work with its Wye-
 []

File: ./figs/fig28.eps Graphic file (type eps)
<./figs/fig28.eps>

LaTeX Warning: `!h' float specifier changed to `!ht'.

File: ./figs/fig29.eps Graphic file (type eps)
<./figs/fig29.eps>
File: ./figs/fig30.eps Graphic file (type eps)
 <./figs/fig30.eps>
File: ./figs/fig31.eps Graphic file (type eps)
 <./figs/fig31.eps> [6]
File: ./figs/fig32.eps Graphic file (type eps)

<./figs/fig32.eps>
File: ./figs/fig33.eps Graphic file (type eps)
 <./figs/fig33.eps>
File: ./figs/fig34.eps Graphic file (type eps)
 <./figs/fig34.eps>

LaTeX Warning: `!h' float specifier changed to `!ht'.

File: ./figs/fig35.eps Graphic file (type eps)
<./figs/fig35.eps>

LaTeX Warning: `!h' float specifier changed to `!ht'.

File: ./figs/fig36.eps Graphic file (type eps)
<./figs/fig36.eps>
File: ./figs/fig37.eps Graphic file (type eps)
 <./figs/fig37.eps> [7]
File: ./figs/fig38.eps Graphic file (type eps)
 <./figs/fig38.eps>
File: ./figs/fig39a.eps Graphic file (type eps)

<./figs/fig39a.eps>
File: ./figs/fig39b.eps Graphic file (type eps)
 <./figs/fig39b.eps>
File: ./figs/fig39c.eps Graphic file (type eps)
 <./figs/fig39c.eps>
File: ./figs/fig39d.eps Graphic file (type eps)

<./figs/fig39d.eps>
File: ./figs/fig39e.eps Graphic file (type eps)
 <./figs/fig39e.eps>
File: ./figs/fig40.eps Graphic file (type eps)
 <./figs/fig40.eps>
File: ./figs/fig41.eps Graphic file (type eps)
 <./figs/fig41.eps>
Underfull \hbox (badness 5077) in paragraph at lines 714--716
[]\OT1/ptm/m/n/12 The de-pen-dent cur-rent source shown in
 []

File: ./figs/fig42.eps Graphic file (type eps)
<./figs/fig42.eps>
File: ./figs/fig43.eps Graphic file (type eps)
 <./figs/fig43.eps>

LaTeX Warning: `!h' float specifier changed to `!ht'.

[8]
File: ./figs/fig44.eps Graphic file (type eps)
 <./figs/fig44.eps>
File: ./figs/fig45.eps Graphic file (type eps)
 <./figs/fig45.eps>
Underfull \hbox (badness 2452) in paragraph at lines 784--786
[]\OT1/ptm/m/n/12 For the net-work shown in Figure.46[],R=1
 []

File: ./figs/fig46.eps Graphic file (type eps)
<./figs/fig46.eps>
File: ./figs/fig47.eps Graphic file (type eps)
 <./figs/fig47.eps> [9]
File: ./figs/fig48.eps Graphic file (type eps)
 <./figs/fig48.eps>
File: ./figs/fig49.eps Graphic file (type eps)

<./figs/fig49.eps>
File: ./figs/fig50.eps Graphic file (type eps)
 <./figs/fig50.eps>
Underfull \hbox (badness 10000) in paragraph at lines 904--918
[]$[]$  $[]$  \OT1/ptm/m/n/12 =
 []


Underfull \hbox (badness 10000) in paragraph at lines 919--933
[]$[]$  $[]$  \OT1/ptm/m/n/12 =
 []

[10]
Underfull \hbox (badness 10000) in paragraph at lines 934--948
[]$[]$  $[]$
 []


Underfull \hbox (badness 10000) in paragraph at lines 949--963
[]$[]$  $[]$
 []

File: ./figs/fig51.eps Graphic file (type eps)
<./figs/fig51.eps>

LaTeX Warning: `!h' float specifier changed to `!ht'.

File: ./figs/fig52.eps Graphic file (type eps)
<./figs/fig52.eps>
Underfull \hbox (badness 10000) in paragraph at lines 1010--1012
\OT1/ptm/m/n/12 con-stant RC=1ms.The in-put volt-age is
 []

File: ./figs/fig53.eps Graphic file (type eps)
<./figs/fig53.eps>
File: ./figs/fig54a.eps Graphic file (type eps)
 <./figs/fig54a.eps>
File: ./figs/fig54b.eps Graphic file (type eps)
 <./figs/fig54b.eps>
File: ./figs/fig54c.eps Graphic file (type eps)
 <./figs/fig54c.eps>
File: ./figs/fig54d.eps Graphic file (type eps)

<./figs/fig54d.eps>
File: ./figs/fig54e.eps Graphic file (type eps)
 <./figs/fig54e.eps>

LaTeX Warning: `!h' float specifier changed to `!ht'.

[11]
File: ./figs/fig55.eps Graphic file (type eps)
 <./figs/fig55.eps>
File: ./figs/fig56.eps Graphic file (type eps)
 <./figs/fig56.eps>
File: ./figs/fig57.eps Graphic file (type eps)
 <./figs/fig57.eps> [12]
File: ./figs/fig58.eps Graphic file (type eps)

<./figs/fig58.eps>
File: ./figs/fig59.eps Graphic file (type eps)
 <./figs/fig59.eps>
File: ./figs/fig60.eps Graphic file (type eps)
 <./figs/fig60.eps>
File: ./figs/fig61.eps Graphic file (type eps)
 <./figs/fig61.eps>
File: ./figs/fig62.eps Graphic file (type eps)

<./figs/fig62.eps>
File: ./figs/fig63.eps Graphic file (type eps)
 <./figs/fig63.eps> [13]
File: ./figs/fig64.eps Graphic file (type eps)
 <./figs/fig64.eps>
File: ./figs/fig65.eps Graphic file (type eps)

<./figs/fig65.eps>
File: ./figs/fig66.eps Graphic file (type eps)
 <./figs/fig66.eps>

LaTeX Warning: `!h' float specifier changed to `!ht'.

File: ./figs/fig67.eps Graphic file (type eps)
<./figs/fig67.eps>
File: ./figs/fig68.eps Graphic file (type eps)
 <./figs/fig68.eps> [14]
File: ./figs/fig69.eps Graphic file (type eps)
 <./figs/fig69.eps>
File: ./figs/fig70.eps Graphic file (type eps)

<./figs/fig70.eps>
File: ./figs/fig71.eps Graphic file (type eps)
 <./figs/fig71.eps>

LaTeX Warning: `!h' float specifier changed to `!ht'.


Underfull \hbox (badness 10000) in paragraph at lines 1376--1377
[]$\OT1/cmr/m/n/12 ^^F[][0\OML/cmm/m/it/12 :\OT1/cmr/m/n/12 5 \OMS/cmsy/m/n/12 
^^@ \OML/cmm/m/it/12 e[]\OT1/cmr/m/n/12 ([]) +
 []

File: ./figs/fig72.eps Graphic file (type eps)
<./figs/fig72.eps>
Underfull \vbox (badness 6927) has occurred while \output is active []

 [15]
Underfull \hbox (badness 2717) in paragraph at lines 1407--1409
[]\OT1/ptm/m/n/12 If the trans-fer func-tion of the fol-low-ing
 []

File: ./figs/fig73.eps Graphic file (type eps)
<./figs/fig73.eps>
File: ./figs/fig74.eps Graphic file (type eps)
 <./figs/fig74.eps>

LaTeX Warning: `!h' float specifier changed to `!ht'.

File: ./figs/fig75.eps Graphic file (type eps)
<./figs/fig75.eps> [16]
Underfull \hbox (badness 4505) in paragraph at lines 1478--1479
[]\OT1/ptm/m/n/12 At res-o-nance, the mag-ni-tude of in-put
 []

File: ./figs/fig76.eps Graphic file (type eps)
<./figs/fig76.eps>
File: ./figs/fig77.eps Graphic file (type eps)
 <./figs/fig77.eps>
File: ./figs/fig78.eps Graphic file (type eps)
 <./figs/fig78.eps>
File: ./figs/fig79.eps Graphic file (type eps)
 <./figs/fig79.eps>
File: ./figs/fig80.eps Graphic file (type eps)

<./figs/fig80.eps>

LaTeX Warning: `!h' float specifier changed to `!ht'.

[17]
File: ./figs/fig81.eps Graphic file (type eps)
 <./figs/fig81.eps>
File: ./figs/fig82.eps Graphic file (type eps)
 <./figs/fig82.eps>
File: ./figs/fig83.eps Graphic file (type eps)
 <./figs/fig83.eps>
Underfull \hbox (badness 3138) in paragraph at lines 1625--1627
[]\OT1/ptm/m/n/12 In the figure.84[] shown be-low,the cur-rent
 []

File: ./figs/fig84.eps Graphic file (type eps)
<./figs/fig84.eps> [18]
File: ./figs/fig85.eps Graphic file (type eps)
 <./figs/fig85.eps>
File: ./figs/fig86.eps Graphic file (type eps)
 <./figs/fig86.eps>
File: ./figs/fig87.eps Graphic file (type eps)

<./figs/fig87.eps>
File: ./figs/fig88.eps Graphic file (type eps)
 <./figs/fig88.eps>
Underfull \hbox (badness 10000) in paragraph at lines 1715--1717
[]\OT1/ptm/m/n/12 The trans-fer func-tion $[]$ of the
 []

File: ./figs/fig89.eps Graphic file (type eps)
<./figs/fig89.eps> [19]
File: ./figs/fig90.eps Graphic file (type eps)
 <./figs/fig90.eps>
File: ./figs/fig91.eps Graphic file (type eps)
 <./figs/fig91.eps>
File: ./figs/fig92.eps Graphic file (type eps)

<./figs/fig92.eps>
Underfull \hbox (badness 10000) in paragraph at lines 1786--1794
[]\OT1/ptm/m/n/12 Find the cur-rent I in the fol-low-ing
 []

File: ./figs/fig93a.eps Graphic file (type eps)
<./figs/fig93a.eps>
File: ./figs/fig93b.eps Graphic file (type eps)
 <./figs/fig93b.eps>
File: ./figs/fig93c.eps Graphic file (type eps)
 <./figs/fig93c.eps>
File: ./figs/fig93d.eps Graphic file (type eps)

<./figs/fig93d.eps>
Underfull \hbox (badness 3884) in paragraph at lines 1795--1807
\OT1/ptm/m/n/12 volt-age source at time $\OML/cmm/m/it/12 t[]$\OT1/ptm/m/n/12 =
0.The re-la-tion
 []


Underfull \hbox (badness 10000) in paragraph at lines 1795--1807

 []


Underfull \hbox (badness 10000) in paragraph at lines 1795--1807

 []

File: ./figs/fig94.eps Graphic file (type eps)
<./figs/fig94.eps>
Underfull \hbox (badness 10000) in paragraph at lines 1817--1819

 []

File: ./figs/fig95.eps Graphic file (type eps)
<./figs/fig95.eps>
File: ./figs/fig96.eps Graphic file (type eps)
 <./figs/fig96.eps> [20]
File: ./figs/fig97.eps Graphic file (type eps)
 <./figs/fig97.eps>
Underfull \hbox (badness 7522) in paragraph at lines 1854--1856
[]\OT1/ptm/m/n/12 Where R=1$\OT1/cmr/m/n/12 
$\OT1/ptm/m/n/12 ,$\OML/cmm/m/it/12 i[]$ \OT1/ptm/m/n/12 = 2A, $\OML/cmm/m/it/1
2 i[]$ \OT1/ptm/m/n/12 = {1A, $\OML/cmm/m/it/12 i[]$
 []


Underfull \hbox (badness 2165) in paragraph at lines 1854--1856
\OT1/ptm/m/n/12 = {4A. Then which of the fol-low-ing is
 []

File: ./figs/fig98.eps Graphic file (type eps)
<./figs/fig98.eps>
File: ./figs/fig99.eps Graphic file (type eps)
 <./figs/fig99.eps>
File: ./figs/fig100.eps Graphic file (type eps)
 <./figs/fig100.eps>
File: ./figs/fig100a.eps Graphic file (type eps)
 <./figs/fig100a.eps>
File: ./figs/fig101.eps Graphic file (type eps)

<./figs/fig101.eps> [21]
File: ./figs/fig102.eps Graphic file (type eps)
 <./figs/fig102.eps>
File: ./figs/fig103.eps Graphic file (type eps)
 <./figs/fig103.eps>
File: ./figs/fig104.eps Graphic file (type eps)

<./figs/fig104.eps>
File: ./figs/fig105.eps Graphic file (type eps)
 <./figs/fig105.eps>
Underfull \hbox (badness 1418) in paragraph at lines 1975--1976
\OT1/ptm/m/n/12 like In-dia,conventional ways of knowl-edge
 []


Underfull \hbox (badness 10000) in paragraph at lines 1975--1976

 []


Underfull \hbox (badness 1400) in paragraph at lines 1980--1981
[]\OT1/ptm/m/n/12 Social sci-ence dis-ci-plines had a pre-
 []

[22]
File: ./figs/fig106.eps Graphic file (type eps)
 <./figs/fig106.eps>
File: ./figs/fig107.eps Graphic file (type eps)
 <./figs/fig107.eps>
File: ./figs/fig108.eps Graphic file (type eps)
 <./figs/fig108.eps>
File: ./figs/fig109.eps Graphic file (type eps)

<./figs/fig109.eps>

LaTeX Warning: `!h' float specifier changed to `!ht'.

File: ./figs/fig110.eps Graphic file (type eps)
<./figs/fig110.eps> [23] (./RLC.aux) ) 
Here is how much of TeX's memory you used:
 4710 strings out of 494946
 71293 string characters out of 6181059
 141632 words of memory out of 5000000
 7850 multiletter control sequences out of 15000+600000
 31366 words of font info for 82 fonts, out of 8000000 for 9000
 14 hyphenation exceptions out of 8191
 36i,9n,39p,378b,456s stack positions out of 5000i,500n,10000p,200000b,80000s

Output written on RLC.dvi (23 pages, 68316 bytes).
